SF:lib/app/services/language/language_state.dart
DA:4,2
DA:8,1
DA:12,2
LF:3
LH:3
end_of_record
SF:lib/app/services/language/language_cubit.dart
DA:7,8
DA:11,8
DA:13,4
DA:14,8
DA:17,2
DA:18,2
DA:19,4
LF:7
LH:7
end_of_record
SF:lib/app/app.dart
DA:18,3
DA:20,3
DA:22,3
DA:23,3
DA:24,9
DA:25,3
DA:26,12
DA:29,3
DA:30,6
DA:31,1
DA:32,3
DA:33,6
DA:34,3
DA:36,3
DA:39,3
DA:41,3
DA:42,3
DA:43,3
LF:18
LH:18
end_of_record
SF:lib/app/routes/routes_helper.dart
DA:11,3
DA:12,3
DA:13,2
DA:15,6
DA:16,6
DA:17,6
DA:18,5
LF:7
LH:7
end_of_record
SF:lib/app/utils/general_utils.dart
DA:6,9
DA:7,9
DA:9,9
DA:11,9
DA:13,9
DA:15,1
DA:16,1
DA:17,1
DA:20,1
DA:21,1
DA:22,1
DA:25,4
DA:27,0
DA:28,0
DA:29,0
DA:30,0
DA:33,2
DA:38,2
DA:41,0
DA:42,0
LF:20
LH:14
end_of_record
SF:lib/l10n/L10N.dart
DA:6,9
DA:8,3
DA:10,3
DA:11,6
DA:12,3
DA:13,6
DA:15,0
DA:19,3
DA:22,3
DA:23,3
DA:26,3
DA:29,3
DA:30,3
DA:33,3
DA:37,0
DA:40,0
LF:16
LH:13
end_of_record
SF:lib/l10n/app_localizations.dart
DA:65,3
DA:66,6
DA:70,3
DA:71,3
DA:170,1
DA:172,3
DA:174,6
DA:177,3
DA:179,9
DA:181,0
DA:185,3
DA:187,3
DA:188,3
DA:189,3
DA:190,1
DA:191,1
DA:194,0
LF:17
LH:15
end_of_record
SF:lib/app/repositories/clients/http_client/http_client.dart
DA:12,1
DA:13,3
DA:14,1
DA:15,1
DA:16,1
DA:17,1
DA:22,1
DA:34,1
DA:41,1
DA:42,1
DA:43,0
DA:44,0
DA:48,1
DA:50,1
DA:51,0
DA:55,1
DA:62,0
DA:63,0
DA:64,0
DA:65,0
DA:67,0
DA:70,0
DA:74,0
DA:77,0
DA:78,0
DA:79,0
DA:80,0
DA:83,1
DA:91,1
DA:92,2
DA:95,2
DA:96,1
DA:97,1
DA:98,2
DA:101,2
DA:103,1
DA:104,1
DA:105,2
DA:108,2
DA:110,1
DA:114,1
DA:116,1
DA:117,1
LF:43
LH:29
end_of_record
SF:lib/app/repositories/repositories/auth/auth_repository.dart
DA:12,4
DA:14,3
DA:18,6
DA:22,6
LF:4
LH:4
end_of_record
SF:lib/app/services/auth/auth_state.dart
DA:4,4
DA:8,1
DA:12,0
DA:17,1
DA:22,3
DA:26,3
LF:6
LH:5
end_of_record
SF:lib/app/services/auth/auth_cubit.dart
DA:10,8
DA:16,3
DA:17,12
DA:18,12
DA:20,3
DA:21,2
DA:24,3
DA:25,2
DA:29,6
DA:31,6
DA:33,6
DA:35,3
DA:39,6
DA:41,6
LF:14
LH:14
end_of_record
SF:lib/app/extensions/num.dart
DA:4,3
DA:5,3
DA:7,3
DA:10,3
LF:4
LH:4
end_of_record
SF:lib/app/repositories/clients/client_response.dart
DA:6,5
LF:1
LH:1
end_of_record
SF:lib/app/repositories/repositories/auth/models/auth_session.dart
DA:5,4
DA:7,1
DA:8,2
DA:9,2
LF:4
LH:4
end_of_record
SF:lib/app/views/home/home_view.dart
DA:11,1
DA:13,2
DA:14,2
DA:18,2
DA:20,2
DA:21,2
DA:22,2
DA:23,2
DA:24,4
DA:25,2
DA:26,2
DA:28,2
DA:30,2
DA:32,2
DA:33,4
DA:34,4
DA:35,2
DA:36,4
DA:37,2
DA:38,2
LF:20
LH:20
end_of_record
SF:lib/app/views/login/login_view.dart
DA:20,1
DA:22,3
DA:23,3
DA:27,3
DA:29,3
DA:30,1
DA:31,3
DA:32,3
DA:33,2
DA:34,2
DA:35,6
DA:37,2
DA:38,6
DA:40,2
DA:41,0
DA:42,0
DA:43,0
DA:44,0
DA:48,3
DA:49,6
DA:50,3
DA:52,3
DA:53,3
DA:54,3
DA:55,6
DA:56,3
DA:57,3
DA:59,3
DA:61,3
DA:63,3
DA:64,3
DA:65,3
DA:66,3
DA:67,6
DA:69,6
DA:70,3
DA:71,3
DA:72,3
DA:73,6
DA:75,6
DA:76,3
DA:77,3
DA:78,6
DA:79,6
DA:81,6
DA:82,6
LF:46
LH:42
end_of_record
SF:lib/app/views/splash/splash_view.dart
DA:9,1
DA:11,3
DA:12,3
DA:16,3
DA:18,9
DA:19,9
DA:20,9
DA:22,3
DA:25,3
DA:27,9
LF:10
LH:10
end_of_record
SF:lib/app/views/login/forms/login_form.dart
DA:7,0
DA:9,4
DA:10,8
DA:11,8
LF:4
LH:3
end_of_record
SF:lib/app/style/app_colors.dart
DA:4,6
DA:5,9
DA:6,6
DA:7,6
DA:8,12
DA:9,2
DA:10,2
LF:7
LH:7
end_of_record
SF:lib/app/style/app_text_styles.dart
DA:6,9
DA:8,3
DA:10,9
DA:11,3
DA:12,3
LF:5
LH:5
end_of_record
SF:lib/app/widgets/app_icon.dart
DA:11,3
DA:13,3
DA:15,3
DA:17,3
DA:18,3
DA:19,3
DA:20,6
DA:21,5
LF:8
LH:8
end_of_record
SF:lib/app/widgets/app_view.dart
DA:16,3
DA:26,3
DA:27,3
DA:31,3
DA:33,3
DA:34,3
DA:35,3
DA:36,3
DA:37,3
DA:38,9
DA:39,3
DA:40,3
DA:41,9
DA:42,3
DA:43,9
DA:44,3
DA:46,3
DA:47,3
DA:48,3
DA:52,6
DA:60,3
DA:64,3
DA:65,3
DA:67,3
DA:68,3
DA:69,3
DA:71,3
DA:72,3
DA:73,3
DA:74,3
DA:75,3
DA:76,3
DA:79,3
DA:80,3
DA:81,3
DA:83,3
DA:85,6
DA:92,3
DA:93,6
DA:95,3
DA:96,6
DA:98,6
DA:99,3
DA:100,3
DA:101,6
DA:102,3
LF:46
LH:46
end_of_record
SF:lib/app/widgets/empty_space.dart
DA:5,3
DA:7,3
DA:9,9
LF:3
LH:3
end_of_record
SF:lib/app/widgets/h.dart
DA:6,3
DA:8,3
DA:10,6
LF:3
LH:3
end_of_record
SF:lib/app/widgets/app_button.dart
DA:12,3
DA:20,3
DA:22,3
DA:23,3
DA:24,3
DA:25,3
DA:26,3
DA:28,3
DA:29,3
DA:31,6
DA:32,3
DA:33,3
DA:34,6
DA:35,3
DA:37,3
DA:38,3
DA:39,3
DA:40,3
DA:42,9
LF:19
LH:19
end_of_record
SF:lib/app/widgets/app_text_field.dart
DA:11,3
DA:18,3
DA:20,3
DA:21,3
DA:22,3
DA:23,3
DA:24,3
DA:27,3
DA:32,3
DA:33,9
DA:35,3
DA:36,3
DA:37,3
DA:38,3
DA:42,6
DA:43,3
DA:44,6
LF:17
LH:17
end_of_record
SF:lib/app/widgets/language_dropdown.dart
DA:12,3
DA:14,3
DA:15,3
DA:19,3
DA:21,3
DA:22,1
DA:23,3
DA:24,6
DA:25,3
DA:27,3
DA:28,3
DA:29,6
DA:30,3
DA:33,3
DA:36,3
DA:37,3
DA:38,9
DA:39,3
DA:40,3
DA:41,3
DA:43,3
DA:45,9
DA:46,3
DA:47,3
DA:49,6
DA:50,3
DA:51,6
DA:52,3
DA:57,3
DA:58,1
DA:60,2
LF:31
LH:31
end_of_record
SF:lib/app/widgets/loader.dart
DA:7,2
DA:8,2
DA:15,1
DA:17,1
DA:18,1
DA:26,1
DA:28,2
DA:30,1
DA:32,2
DA:33,5
DA:34,3
DA:35,2
DA:37,1
DA:40,1
DA:42,2
DA:43,1
DA:46,1
DA:48,1
DA:49,1
DA:51,1
DA:52,1
DA:53,5
DA:54,1
DA:55,1
DA:56,3
DA:57,2
DA:58,2
DA:59,2
DA:62,1
DA:63,5
DA:64,1
DA:65,1
DA:66,3
DA:67,2
DA:68,2
DA:69,2
DA:72,1
DA:73,5
DA:74,1
DA:75,1
DA:76,3
DA:77,2
DA:78,2
DA:79,2
DA:95,1
DA:97,1
DA:99,1
DA:100,2
DA:101,1
DA:102,1
DA:103,2
DA:104,1
DA:105,3
DA:106,2
DA:107,1
DA:113,0
LF:56
LH:55
end_of_record
SF:lib/app/widgets/w.dart
DA:6,3
DA:8,3
DA:10,6
LF:3
LH:3
end_of_record
SF:lib/l10n/app_localizations_en.dart
DA:9,6
DA:11,3
DA:14,3
DA:17,3
DA:20,3
DA:23,3
DA:26,3
DA:29,1
DA:32,1
DA:35,0
DA:38,0
DA:41,0
LF:12
LH:9
end_of_record
SF:lib/l10n/app_localizations_es.dart
DA:9,2
DA:11,1
DA:14,1
DA:17,1
DA:20,1
DA:23,1
DA:26,1
DA:29,1
DA:32,1
DA:35,0
DA:38,0
DA:41,0
LF:12
LH:9
end_of_record
